<?xml version="1.0" encoding="UTF-8" ?>
<testsuite tests="3" failures="0" name="support.TestRunner" time="15.31" errors="0" skipped="0">
  <properties>
[...]
</properties>
  <testcase classname="Login" name="As a user I login to ASK application with valid credentials #1" time="6.215"/>
  <testcase classname="Login" name="As a user I login to ASK application with valid credentials #2" time="4.567"/>
  <testcase classname="Login" name="As a user I should not login to ASK application with invalid credentials" time="4.528"/>
</testsuite>